{"/home/superadmin/Bureau/JS/cours-express/src/app.js": {"path":"/home/superadmin/Bureau/JS/cours-express/src/app.js","statementMap":{"0":{"start":{"line":6,"column":12},"end":{"line":6,"column":21}},"1":{"start":{"line":8,"column":0},"end":{"line":10,"column":3}},"2":{"start":{"line":12,"column":0},"end":{"line":12,"column":23}},"3":{"start":{"line":14,"column":0},"end":{"line":22,"column":2}},"4":{"start":{"line":15,"column":4},"end":{"line":15,"column":59}},"5":{"start":{"line":16,"column":4},"end":{"line":18,"column":11}},"6":{"start":{"line":17,"column":8},"end":{"line":17,"column":14}},"7":{"start":{"line":24,"column":0},"end":{"line":26,"column":2}},"8":{"start":{"line":25,"column":4},"end":{"line":25,"column":25}},"9":{"start":{"line":34,"column":0},"end":{"line":34,"column":23}},"10":{"start":{"line":36,"column":0},"end":{"line":45,"column":3}},"11":{"start":{"line":38,"column":4},"end":{"line":44,"column":5}},"12":{"start":{"line":40,"column":8},"end":{"line":40,"column":46}},"13":{"start":{"line":42,"column":8},"end":{"line":42,"column":41}}},"fnMap":{"0":{"name":"(anonymous_0)","decl":{"start":{"line":14,"column":8},"end":{"line":14,"column":9}},"loc":{"start":{"line":14,"column":35},"end":{"line":22,"column":1}},"line":14},"1":{"name":"(anonymous_1)","decl":{"start":{"line":16,"column":15},"end":{"line":16,"column":16}},"loc":{"start":{"line":16,"column":20},"end":{"line":18,"column":5}},"line":16},"2":{"name":"(anonymous_2)","decl":{"start":{"line":24,"column":17},"end":{"line":24,"column":18}},"loc":{"start":{"line":24,"column":38},"end":{"line":26,"column":1}},"line":24},"3":{"name":"(anonymous_3)","decl":{"start":{"line":36,"column":8},"end":{"line":36,"column":9}},"loc":{"start":{"line":36,"column":38},"end":{"line":45,"column":1}},"line":36}},"branchMap":{"0":{"loc":{"start":{"line":38,"column":4},"end":{"line":44,"column":5}},"type":"if","locations":[{"start":{"line":38,"column":4},"end":{"line":44,"column":5}},{"start":{"line":38,"column":4},"end":{"line":44,"column":5}}],"line":38}},"s":{"0":2,"1":2,"2":2,"3":2,"4":6,"5":6,"6":6,"7":2,"8":1,"9":2,"10":2,"11":2,"12":2,"13":0},"f":{"0":6,"1":6,"2":1,"3":2},"b":{"0":[2,0]},"_coverageSchema":"43e27e138ebf9cfc5966b082cf9a028302ed4184","hash":"40805fb9b7049cb9087215368bd7ecccc3958887"}
,"/home/superadmin/Bureau/JS/cours-express/src/rooter.js": {"path":"/home/superadmin/Bureau/JS/cours-express/src/rooter.js","statementMap":{"0":{"start":{"line":4,"column":17},"end":{"line":4,"column":43}},"1":{"start":{"line":8,"column":15},"end":{"line":8,"column":31}},"2":{"start":{"line":10,"column":0},"end":{"line":14,"column":2}},"3":{"start":{"line":13,"column":0},"end":{"line":13,"column":37}},"4":{"start":{"line":16,"column":0},"end":{"line":18,"column":2}},"5":{"start":{"line":17,"column":0},"end":{"line":17,"column":46}},"6":{"start":{"line":20,"column":0},"end":{"line":29,"column":2}},"7":{"start":{"line":21,"column":14},"end":{"line":21,"column":53}},"8":{"start":{"line":22,"column":0},"end":{"line":28,"column":1}},"9":{"start":{"line":23,"column":4},"end":{"line":23,"column":24}},"10":{"start":{"line":26,"column":4},"end":{"line":27,"column":58}},"11":{"start":{"line":31,"column":0},"end":{"line":40,"column":2}},"12":{"start":{"line":32,"column":18},"end":{"line":32,"column":74}},"13":{"start":{"line":33,"column":4},"end":{"line":39,"column":5}},"14":{"start":{"line":34,"column":8},"end":{"line":34,"column":28}},"15":{"start":{"line":37,"column":8},"end":{"line":38,"column":62}},"16":{"start":{"line":42,"column":0},"end":{"line":44,"column":2}},"17":{"start":{"line":43,"column":4},"end":{"line":43,"column":61}}},"fnMap":{"0":{"name":"(anonymous_0)","decl":{"start":{"line":10,"column":23},"end":{"line":10,"column":24}},"loc":{"start":{"line":10,"column":45},"end":{"line":14,"column":1}},"line":10},"1":{"name":"(anonymous_1)","decl":{"start":{"line":16,"column":54},"end":{"line":16,"column":55}},"loc":{"start":{"line":16,"column":76},"end":{"line":18,"column":1}},"line":16},"2":{"name":"(anonymous_2)","decl":{"start":{"line":20,"column":26},"end":{"line":20,"column":27}},"loc":{"start":{"line":20,"column":48},"end":{"line":29,"column":1}},"line":20},"3":{"name":"(anonymous_3)","decl":{"start":{"line":31,"column":56},"end":{"line":31,"column":57}},"loc":{"start":{"line":31,"column":78},"end":{"line":40,"column":1}},"line":31},"4":{"name":"(anonymous_4)","decl":{"start":{"line":42,"column":29},"end":{"line":42,"column":30}},"loc":{"start":{"line":42,"column":51},"end":{"line":44,"column":1}},"line":42}},"branchMap":{"0":{"loc":{"start":{"line":22,"column":0},"end":{"line":28,"column":1}},"type":"if","locations":[{"start":{"line":22,"column":0},"end":{"line":28,"column":1}},{"start":{"line":22,"column":0},"end":{"line":28,"column":1}}],"line":22},"1":{"loc":{"start":{"line":33,"column":4},"end":{"line":39,"column":5}},"type":"if","locations":[{"start":{"line":33,"column":4},"end":{"line":39,"column":5}},{"start":{"line":33,"column":4},"end":{"line":39,"column":5}}],"line":33}},"s":{"0":2,"1":2,"2":2,"3":1,"4":2,"5":0,"6":2,"7":1,"8":1,"9":0,"10":1,"11":2,"12":0,"13":0,"14":0,"15":0,"16":2,"17":1},"f":{"0":1,"1":0,"2":1,"3":0,"4":1},"b":{"0":[0,1],"1":[0,0]},"_coverageSchema":"43e27e138ebf9cfc5966b082cf9a028302ed4184","hash":"5d7e36e57d7334550eb3acc9f80d54a8dee10845"}
,"/home/superadmin/Bureau/JS/cours-express/src/service.js": {"path":"/home/superadmin/Bureau/JS/cours-express/src/service.js","statementMap":{"0":{"start":{"line":4,"column":16},"end":{"line":4,"column":49}},"1":{"start":{"line":5,"column":11},"end":{"line":5,"column":25}},"2":{"start":{"line":6,"column":0},"end":{"line":8,"column":10}},"3":{"start":{"line":11,"column":23},"end":{"line":43,"column":1}},"4":{"start":{"line":13,"column":8},"end":{"line":13,"column":39}},"5":{"start":{"line":16,"column":8},"end":{"line":16,"column":29}},"6":{"start":{"line":17,"column":8},"end":{"line":19,"column":16}},"7":{"start":{"line":20,"column":8},"end":{"line":20,"column":20}},"8":{"start":{"line":23,"column":8},"end":{"line":25,"column":16}},"9":{"start":{"line":29,"column":24},"end":{"line":30,"column":32}},"10":{"start":{"line":31,"column":8},"end":{"line":35,"column":9}},"11":{"start":{"line":32,"column":8},"end":{"line":33,"column":16}},"12":{"start":{"line":34,"column":8},"end":{"line":34,"column":40}},"13":{"start":{"line":39,"column":8},"end":{"line":41,"column":16}}},"fnMap":{"0":{"name":"(anonymous_0)","decl":{"start":{"line":12,"column":4},"end":{"line":12,"column":5}},"loc":{"start":{"line":12,"column":18},"end":{"line":14,"column":5}},"line":12},"1":{"name":"(anonymous_1)","decl":{"start":{"line":15,"column":4},"end":{"line":15,"column":5}},"loc":{"start":{"line":15,"column":20},"end":{"line":21,"column":5}},"line":15},"2":{"name":"(anonymous_2)","decl":{"start":{"line":22,"column":4},"end":{"line":22,"column":5}},"loc":{"start":{"line":22,"column":20},"end":{"line":26,"column":5}},"line":22},"3":{"name":"(anonymous_3)","decl":{"start":{"line":28,"column":4},"end":{"line":28,"column":5}},"loc":{"start":{"line":28,"column":30},"end":{"line":36,"column":5}},"line":28},"4":{"name":"(anonymous_4)","decl":{"start":{"line":38,"column":4},"end":{"line":38,"column":5}},"loc":{"start":{"line":38,"column":23},"end":{"line":42,"column":5}},"line":38}},"branchMap":{"0":{"loc":{"start":{"line":31,"column":8},"end":{"line":35,"column":9}},"type":"if","locations":[{"start":{"line":31,"column":8},"end":{"line":35,"column":9}},{"start":{"line":31,"column":8},"end":{"line":35,"column":9}}],"line":31}},"s":{"0":3,"1":3,"2":3,"3":3,"4":1,"5":1,"6":1,"7":1,"8":1,"9":1,"10":1,"11":1,"12":1,"13":1},"f":{"0":1,"1":1,"2":1,"3":1,"4":1},"b":{"0":[1,0]},"_coverageSchema":"43e27e138ebf9cfc5966b082cf9a028302ed4184","hash":"40da9b2bd674b8e41037afbb51f8f82a186307d6"}
,"/home/superadmin/Bureau/JS/cours-express/src/utils.js": {"path":"/home/superadmin/Bureau/JS/cours-express/src/utils.js","statementMap":{"0":{"start":{"line":1,"column":18},"end":{"line":1,"column":30}},"1":{"start":{"line":1,"column":27},"end":{"line":1,"column":30}},"2":{"start":{"line":3,"column":23},"end":{"line":23,"column":1}},"3":{"start":{"line":4,"column":4},"end":{"line":22,"column":5}},"4":{"start":{"line":5,"column":8},"end":{"line":5,"column":40}},"5":{"start":{"line":7,"column":9},"end":{"line":22,"column":5}},"6":{"start":{"line":8,"column":8},"end":{"line":8,"column":23}},"7":{"start":{"line":11,"column":9},"end":{"line":22,"column":5}},"8":{"start":{"line":12,"column":8},"end":{"line":12,"column":25}},"9":{"start":{"line":15,"column":9},"end":{"line":22,"column":5}},"10":{"start":{"line":16,"column":8},"end":{"line":16,"column":27}},"11":{"start":{"line":19,"column":9},"end":{"line":22,"column":5}},"12":{"start":{"line":20,"column":8},"end":{"line":20,"column":25}}},"fnMap":{"0":{"name":"(anonymous_0)","decl":{"start":{"line":1,"column":18},"end":{"line":1,"column":19}},"loc":{"start":{"line":1,"column":27},"end":{"line":1,"column":30}},"line":1},"1":{"name":"(anonymous_1)","decl":{"start":{"line":3,"column":23},"end":{"line":3,"column":24}},"loc":{"start":{"line":3,"column":32},"end":{"line":23,"column":1}},"line":3}},"branchMap":{"0":{"loc":{"start":{"line":4,"column":4},"end":{"line":22,"column":5}},"type":"if","locations":[{"start":{"line":4,"column":4},"end":{"line":22,"column":5}},{"start":{"line":4,"column":4},"end":{"line":22,"column":5}}],"line":4},"1":{"loc":{"start":{"line":4,"column":8},"end":{"line":4,"column":27}},"type":"binary-expr","locations":[{"start":{"line":4,"column":8},"end":{"line":4,"column":14}},{"start":{"line":4,"column":18},"end":{"line":4,"column":27}}],"line":4},"2":{"loc":{"start":{"line":7,"column":9},"end":{"line":22,"column":5}},"type":"if","locations":[{"start":{"line":7,"column":9},"end":{"line":22,"column":5}},{"start":{"line":7,"column":9},"end":{"line":22,"column":5}}],"line":7},"3":{"loc":{"start":{"line":7,"column":13},"end":{"line":7,"column":35}},"type":"binary-expr","locations":[{"start":{"line":7,"column":13},"end":{"line":7,"column":22}},{"start":{"line":7,"column":26},"end":{"line":7,"column":35}}],"line":7},"4":{"loc":{"start":{"line":11,"column":9},"end":{"line":22,"column":5}},"type":"if","locations":[{"start":{"line":11,"column":9},"end":{"line":22,"column":5}},{"start":{"line":11,"column":9},"end":{"line":22,"column":5}}],"line":11},"5":{"loc":{"start":{"line":11,"column":13},"end":{"line":11,"column":36}},"type":"binary-expr","locations":[{"start":{"line":11,"column":13},"end":{"line":11,"column":22}},{"start":{"line":11,"column":26},"end":{"line":11,"column":36}}],"line":11},"6":{"loc":{"start":{"line":15,"column":9},"end":{"line":22,"column":5}},"type":"if","locations":[{"start":{"line":15,"column":9},"end":{"line":22,"column":5}},{"start":{"line":15,"column":9},"end":{"line":22,"column":5}}],"line":15},"7":{"loc":{"start":{"line":15,"column":13},"end":{"line":15,"column":37}},"type":"binary-expr","locations":[{"start":{"line":15,"column":13},"end":{"line":15,"column":23}},{"start":{"line":15,"column":27},"end":{"line":15,"column":37}}],"line":15},"8":{"loc":{"start":{"line":19,"column":9},"end":{"line":22,"column":5}},"type":"if","locations":[{"start":{"line":19,"column":9},"end":{"line":22,"column":5}},{"start":{"line":19,"column":9},"end":{"line":22,"column":5}}],"line":19},"9":{"loc":{"start":{"line":19,"column":13},"end":{"line":19,"column":37}},"type":"binary-expr","locations":[{"start":{"line":19,"column":13},"end":{"line":19,"column":23}},{"start":{"line":19,"column":27},"end":{"line":19,"column":37}}],"line":19}},"s":{"0":1,"1":1,"2":1,"3":6,"4":2,"5":4,"6":1,"7":3,"8":1,"9":2,"10":1,"11":1,"12":1},"f":{"0":1,"1":6},"b":{"0":[2,4],"1":[6,5],"2":[1,3],"3":[4,4],"4":[1,2],"5":[3,3],"6":[1,1],"7":[2,2],"8":[1,0],"9":[1,1]},"_coverageSchema":"43e27e138ebf9cfc5966b082cf9a028302ed4184","hash":"aff99fea66c68b47272cc7af7c04e15150ff34af"}
,"/home/superadmin/Bureau/JS/cours-express/src/validation.js": {"path":"/home/superadmin/Bureau/JS/cours-express/src/validation.js","statementMap":{"0":{"start":{"line":1,"column":27},"end":{"line":17,"column":1}}},"fnMap":{},"branchMap":{},"s":{"0":2},"f":{},"b":{},"_coverageSchema":"43e27e138ebf9cfc5966b082cf9a028302ed4184","hash":"db687ce97626ed73a9d65b722f411539304c4a9d"}
}
