TN:
SF:/home/superadmin/Bureau/JS/cours-express/src/app.js
FN:14,(anonymous_0)
FN:16,(anonymous_1)
FN:24,(anonymous_2)
FN:36,(anonymous_3)
FNF:4
FNH:4
FNDA:6,(anonymous_0)
FNDA:6,(anonymous_1)
FNDA:1,(anonymous_2)
FNDA:2,(anonymous_3)
DA:6,2
DA:8,2
DA:12,2
DA:14,2
DA:15,6
DA:16,6
DA:17,6
DA:24,2
DA:25,1
DA:34,2
DA:36,2
DA:38,2
DA:40,2
DA:42,0
LF:14
LH:13
BRDA:38,0,0,2
BRDA:38,0,1,0
BRF:2
BRH:1
end_of_record
TN:
SF:/home/superadmin/Bureau/JS/cours-express/src/rooter.js
FN:10,(anonymous_0)
FN:16,(anonymous_1)
FN:20,(anonymous_2)
FN:31,(anonymous_3)
FN:42,(anonymous_4)
FNF:5
FNH:3
FNDA:1,(anonymous_0)
FNDA:0,(anonymous_1)
FNDA:1,(anonymous_2)
FNDA:0,(anonymous_3)
FNDA:1,(anonymous_4)
DA:4,2
DA:8,2
DA:10,2
DA:13,1
DA:16,2
DA:17,0
DA:20,2
DA:21,1
DA:22,1
DA:23,0
DA:26,1
DA:31,2
DA:32,0
DA:33,0
DA:34,0
DA:37,0
DA:42,2
DA:43,1
LF:18
LH:12
BRDA:22,0,0,0
BRDA:22,0,1,1
BRDA:33,1,0,0
BRDA:33,1,1,0
BRF:4
BRH:1
end_of_record
TN:
SF:/home/superadmin/Bureau/JS/cours-express/src/service.js
FN:12,(anonymous_0)
FN:15,(anonymous_1)
FN:22,(anonymous_2)
FN:28,(anonymous_3)
FN:38,(anonymous_4)
FNF:5
FNH:5
FNDA:1,(anonymous_0)
FNDA:1,(anonymous_1)
FNDA:1,(anonymous_2)
FNDA:1,(anonymous_3)
FNDA:1,(anonymous_4)
DA:4,3
DA:5,3
DA:6,3
DA:11,3
DA:13,1
DA:16,1
DA:17,1
DA:20,1
DA:23,1
DA:29,1
DA:31,1
DA:32,1
DA:34,1
DA:39,1
LF:14
LH:14
BRDA:31,0,0,1
BRDA:31,0,1,0
BRF:2
BRH:1
end_of_record
TN:
SF:/home/superadmin/Bureau/JS/cours-express/src/utils.js
FN:1,(anonymous_0)
FN:3,(anonymous_1)
FNF:2
FNH:2
FNDA:1,(anonymous_0)
FNDA:6,(anonymous_1)
DA:1,1
DA:3,1
DA:4,6
DA:5,2
DA:7,4
DA:8,1
DA:11,3
DA:12,1
DA:15,2
DA:16,1
DA:19,1
DA:20,1
LF:12
LH:12
BRDA:4,0,0,2
BRDA:4,0,1,4
BRDA:4,1,0,6
BRDA:4,1,1,5
BRDA:7,2,0,1
BRDA:7,2,1,3
BRDA:7,3,0,4
BRDA:7,3,1,4
BRDA:11,4,0,1
BRDA:11,4,1,2
BRDA:11,5,0,3
BRDA:11,5,1,3
BRDA:15,6,0,1
BRDA:15,6,1,1
BRDA:15,7,0,2
BRDA:15,7,1,2
BRDA:19,8,0,1
BRDA:19,8,1,0
BRDA:19,9,0,1
BRDA:19,9,1,1
BRF:20
BRH:19
end_of_record
TN:
SF:/home/superadmin/Bureau/JS/cours-express/src/validation.js
FNF:0
FNH:0
DA:1,2
LF:1
LH:1
BRF:0
BRH:0
end_of_record
